<?xml version="1.0" encoding="UTF-8"?>
<testng-results ignored="0" total="0" passed="0" failed="0" skipped="0">
  <reporter-output>
  </reporter-output>
  <suite started-at="2023-06-18T19:26:30 EDT" name="Default suite" finished-at="2023-06-18T19:26:30 EDT" duration-ms="173">
    <groups>
      <group name="cucumber">
        <method signature="AbstractTestNGCucumberTests.runScenario(io.cucumber.testng.PickleWrapper,io.cucumber.testng.FeatureWrapper)[pri:0, instance:runner_files.Runner_TestNG@1a6d8329]" name="runScenario" class="io.cucumber.testng.AbstractTestNGCucumberTests"/>
      </group> <!-- cucumber -->
    </groups>
    <test started-at="2023-06-18T19:26:30 EDT" name="Default test" finished-at="2023-06-18T19:26:30 EDT" duration-ms="173">
      <class name="runner_files.Runner_TestNG">
        <test-method is-config="true" signature="setUpClass(org.testng.ITestContext)[pri:0, instance:runner_files.Runner_TestNG@1a6d8329]" started-at="2023-06-18T19:26:30 EDT" name="setUpClass" finished-at="2023-06-18T19:26:30 EDT" duration-ms="158" status="PASS">
          <params>
            <param index="0">
              <value>
                <![CDATA[org.testng.TestRunner@5f6722d3]]>
              </value>
            </param>
          </params>
          <reporter-output>
          </reporter-output>
        </test-method> <!-- setUpClass -->
        <test-method is-config="true" signature="tearDownClass()[pri:0, instance:runner_files.Runner_TestNG@1a6d8329]" started-at="2023-06-18T19:26:30 EDT" name="tearDownClass" finished-at="2023-06-18T19:26:30 EDT" duration-ms="1" status="PASS">
          <reporter-output>
          </reporter-output>
        </test-method> <!-- tearDownClass -->
      </class> <!-- runner_files.Runner_TestNG -->
    </test> <!-- Default test -->
  </suite> <!-- Default suite -->
</testng-results>
